<?xml version="1.0" encoding="UTF-8"?>
<!-- Generated by org.testng.reporters.JUnitReportReporter -->
<testsuite hostname="LAPTOP-QM1QD7SH" failures="0" tests="1" name="com.crm.qa.testcases.ContactsPageTest" time="3.507" errors="0" timestamp="2023-04-21T00:25:18 IST" skipped="0">
  <testcase classname="com.crm.qa.testcases.ContactsPageTest" name="verifyContactsPageLabelTest" time="3.507"/>
</testsuite> <!-- com.crm.qa.testcases.ContactsPageTest -->
